[debug] [2019-09-02T17:41:44.531Z] ----------------------------------------------------------------------
[debug] [2019-09-02T17:41:44.535Z] Command:       C:\Program Files\nodejs\node.exe C:\Users\khushboo.vijayvargiy\AppData\Roaming\npm\node_modules\firebase-tools\lib\bin\firebase.js deploy --only functions
[debug] [2019-09-02T17:41:44.535Z] CLI Version:   7.2.4
[debug] [2019-09-02T17:41:44.535Z] Platform:      win32
[debug] [2019-09-02T17:41:44.535Z] Node Version:  v10.15.3
[debug] [2019-09-02T17:41:44.537Z] Time:          Mon Sep 02 2019 23:11:44 GMT+0530 (India Standard Time)
[debug] [2019-09-02T17:41:44.537Z] ----------------------------------------------------------------------
[debug] 
[debug] [2019-09-02T17:41:44.548Z] > command requires scopes: ["email","openid","https://www.googleapis.com/auth/cloudplatformprojects.readonly","https://www.googleapis.com/auth/firebase","https://www.googleapis.com/auth/cloud-platform"]
[debug] [2019-09-02T17:41:44.548Z] > authorizing via signed-in user
[debug] [2019-09-02T17:41:44.548Z] [iam] checking project trkmmv for permissions ["cloudfunctions.functions.create","cloudfunctions.functions.delete","cloudfunctions.functions.get","cloudfunctions.functions.list","cloudfunctions.functions.update","cloudfunctions.operations.get","firebase.projects.get"]
[debug] [2019-09-02T17:41:44.550Z] >>> HTTP REQUEST POST https://cloudresourcemanager.googleapis.com/v1/projects/trkmmv:testIamPermissions  

[debug] [2019-09-02T17:41:47.959Z] <<< HTTP RESPONSE 200
[info] 
[info] === Deploying to 'trkmmv'...
[info] 
[info] i  deploying functions
[info] Running command: npm --prefix "$RESOURCE_DIR" run lint
[info] +  functions: Finished running predeploy script.
[debug] [2019-09-02T17:41:53.715Z] > [functions] package.json contents: {
  "name": "functions",
  "description": "Cloud Functions for Firebase",
  "scripts": {
    "lint": "eslint .",
    "serve": "firebase serve --only functions",
    "shell": "firebase functions:shell",
    "start": "npm run shell",
    "deploy": "firebase deploy --only functions",
    "logs": "firebase functions:log"
  },
  "engines": {
    "node": "8"
  },
  "dependencies": {
    "@google-cloud/bigquery": "^4.1.8",
    "@google-cloud/logging": "^5.2.2",
    "firebase-admin": "^8.0.0",
    "firebase-functions": "^3.1.0"
  },
  "devDependencies": {
    "eslint": "^5.12.0",
    "eslint-plugin-promise": "^4.0.1",
    "firebase-functions-test": "^0.1.6"
  },
  "private": true
}
[info] i  functions: ensuring necessary APIs are enabled...
[debug] [2019-09-02T17:41:53.718Z] >>> HTTP REQUEST GET https://serviceusage.googleapis.com/v1/projects/trkmmv/services/cloudfunctions.googleapis.com  
 
[debug] [2019-09-02T17:41:53.719Z] >>> HTTP REQUEST GET https://serviceusage.googleapis.com/v1/projects/trkmmv/services/runtimeconfig.googleapis.com  
 
[debug] [2019-09-02T17:41:55.756Z] <<< HTTP RESPONSE 200
[debug] [2019-09-02T17:41:55.795Z] <<< HTTP RESPONSE 200
[info] +  functions: all necessary APIs are enabled
[debug] [2019-09-02T17:41:55.796Z] >>> HTTP REQUEST GET https://firebase.googleapis.com/v1beta1/projects/trkmmv/adminSdkConfig  
 
[debug] [2019-09-02T17:41:57.557Z] <<< HTTP RESPONSE 200
[info] i  functions: preparing functions directory for uploading...
[debug] [2019-09-02T17:41:57.566Z] >>> HTTP REQUEST GET https://runtimeconfig.googleapis.com/v1beta1/projects/trkmmv/configs  
 
[debug] [2019-09-02T17:41:59.165Z] <<< HTTP RESPONSE 200
[debug] [2019-09-02T17:49:41.962Z] ----------------------------------------------------------------------
[debug] [2019-09-02T17:49:41.966Z] Command:       C:\Program Files\nodejs\node.exe C:\Users\khushboo.vijayvargiy\AppData\Roaming\npm\node_modules\firebase-tools\lib\bin\firebase.js deploy --only functions
[debug] [2019-09-02T17:49:41.966Z] CLI Version:   7.2.4
[debug] [2019-09-02T17:49:41.966Z] Platform:      win32
[debug] [2019-09-02T17:49:41.967Z] Node Version:  v10.15.3
[debug] [2019-09-02T17:49:41.968Z] Time:          Mon Sep 02 2019 23:19:41 GMT+0530 (India Standard Time)
[debug] [2019-09-02T17:49:41.968Z] ----------------------------------------------------------------------
[debug] 
[debug] [2019-09-02T17:49:41.979Z] > command requires scopes: ["email","openid","https://www.googleapis.com/auth/cloudplatformprojects.readonly","https://www.googleapis.com/auth/firebase","https://www.googleapis.com/auth/cloud-platform"]
[debug] [2019-09-02T17:49:41.979Z] > authorizing via signed-in user
[debug] [2019-09-02T17:49:41.979Z] [iam] checking project trkmmv for permissions ["cloudfunctions.functions.create","cloudfunctions.functions.delete","cloudfunctions.functions.get","cloudfunctions.functions.list","cloudfunctions.functions.update","cloudfunctions.operations.get","firebase.projects.get"]
[debug] [2019-09-02T17:49:41.981Z] >>> HTTP REQUEST POST https://cloudresourcemanager.googleapis.com/v1/projects/trkmmv:testIamPermissions  

[debug] [2019-09-02T17:49:44.723Z] <<< HTTP RESPONSE 200
[info] 
[info] === Deploying to 'trkmmv'...
[info] 
[info] i  deploying functions
[info] Running command: npm --prefix "$RESOURCE_DIR" run lint
[info] +  functions: Finished running predeploy script.
[debug] [2019-09-02T17:49:51.825Z] > [functions] package.json contents: {
  "name": "functions",
  "description": "Cloud Functions for Firebase",
  "scripts": {
    "lint": "eslint .",
    "serve": "firebase serve --only functions",
    "shell": "firebase functions:shell",
    "start": "npm run shell",
    "deploy": "firebase deploy --only functions",
    "logs": "firebase functions:log"
  },
  "engines": {
    "node": "8"
  },
  "dependencies": {
    "@google-cloud/bigquery": "^4.1.8",
    "@google-cloud/logging": "^5.2.2",
    "firebase-admin": "^8.0.0",
    "firebase-functions": "^3.1.0"
  },
  "devDependencies": {
    "eslint": "^5.12.0",
    "eslint-plugin-promise": "^4.0.1",
    "firebase-functions-test": "^0.1.6"
  },
  "private": true
}
[info] i  functions: ensuring necessary APIs are enabled...
[debug] [2019-09-02T17:49:51.827Z] >>> HTTP REQUEST GET https://serviceusage.googleapis.com/v1/projects/trkmmv/services/cloudfunctions.googleapis.com  
 
[debug] [2019-09-02T17:49:51.828Z] >>> HTTP REQUEST GET https://serviceusage.googleapis.com/v1/projects/trkmmv/services/runtimeconfig.googleapis.com  
 
[debug] [2019-09-02T17:49:55.168Z] <<< HTTP RESPONSE 200
[debug] [2019-09-02T17:49:55.272Z] <<< HTTP RESPONSE 200
[info] +  functions: all necessary APIs are enabled
[debug] [2019-09-02T17:49:55.273Z] >>> HTTP REQUEST GET https://firebase.googleapis.com/v1beta1/projects/trkmmv/adminSdkConfig  
 
[debug] [2019-09-02T17:49:55.984Z] <<< HTTP RESPONSE 200
[info] i  functions: preparing functions directory for uploading...
[debug] [2019-09-02T17:49:55.987Z] >>> HTTP REQUEST GET https://runtimeconfig.googleapis.com/v1beta1/projects/trkmmv/configs  
 
[debug] [2019-09-02T17:49:56.803Z] <<< HTTP RESPONSE 200
[debug] [2019-09-03T04:47:43.138Z] ----------------------------------------------------------------------
[debug] [2019-09-03T04:47:43.142Z] Command:       C:\Program Files\nodejs\node.exe C:\Users\khushboo.vijayvargiy\AppData\Roaming\npm\node_modules\firebase-tools\lib\bin\firebase.js deploy --only functions
[debug] [2019-09-03T04:47:43.143Z] CLI Version:   7.2.4
[debug] [2019-09-03T04:47:43.143Z] Platform:      win32
[debug] [2019-09-03T04:47:43.143Z] Node Version:  v10.15.3
[debug] [2019-09-03T04:47:43.145Z] Time:          Tue Sep 03 2019 10:17:43 GMT+0530 (India Standard Time)
[debug] [2019-09-03T04:47:43.145Z] ----------------------------------------------------------------------
[debug] 
[debug] [2019-09-03T04:47:43.186Z] > command requires scopes: ["email","openid","https://www.googleapis.com/auth/cloudplatformprojects.readonly","https://www.googleapis.com/auth/firebase","https://www.googleapis.com/auth/cloud-platform"]
[debug] [2019-09-03T04:47:43.186Z] > authorizing via signed-in user
[debug] [2019-09-03T04:47:43.187Z] [iam] checking project trkmmv for permissions ["cloudfunctions.functions.create","cloudfunctions.functions.delete","cloudfunctions.functions.get","cloudfunctions.functions.list","cloudfunctions.functions.update","cloudfunctions.operations.get","firebase.projects.get"]
[debug] [2019-09-03T04:47:43.189Z] > refreshing access token with scopes: ["email","https://www.googleapis.com/auth/cloud-platform","https://www.googleapis.com/auth/cloudplatformprojects.readonly","https://www.googleapis.com/auth/firebase","openid"]
[debug] [2019-09-03T04:47:43.190Z] >>> HTTP REQUEST POST https://www.googleapis.com/oauth2/v3/token  
 <request body omitted>
[debug] [2019-09-03T04:47:43.573Z] <<< HTTP RESPONSE 200
[debug] [2019-09-03T04:47:43.684Z] >>> HTTP REQUEST POST https://cloudresourcemanager.googleapis.com/v1/projects/trkmmv:testIamPermissions  

[debug] [2019-09-03T04:47:45.789Z] <<< HTTP RESPONSE 200
[info] 
[info] === Deploying to 'trkmmv'...
[info] 
[info] i  deploying functions
[info] Running command: npm --prefix "$RESOURCE_DIR" run lint
[info] +  functions: Finished running predeploy script.
[debug] [2019-09-03T04:48:01.186Z] > [functions] package.json contents: {
  "name": "functions",
  "description": "Cloud Functions for Firebase",
  "scripts": {
    "lint": "eslint .",
    "serve": "firebase serve --only functions",
    "shell": "firebase functions:shell",
    "start": "npm run shell",
    "deploy": "firebase deploy --only functions",
    "logs": "firebase functions:log"
  },
  "engines": {
    "node": "8"
  },
  "dependencies": {
    "@google-cloud/bigquery": "^4.1.8",
    "@google-cloud/logging": "^5.2.2",
    "firebase-admin": "^8.0.0",
    "firebase-functions": "^3.1.0"
  },
  "devDependencies": {
    "eslint": "^5.12.0",
    "eslint-plugin-promise": "^4.0.1",
    "firebase-functions-test": "^0.1.6"
  },
  "private": true
}
[info] i  functions: ensuring necessary APIs are enabled...
[debug] [2019-09-03T04:48:01.188Z] >>> HTTP REQUEST GET https://serviceusage.googleapis.com/v1/projects/trkmmv/services/cloudfunctions.googleapis.com  
 
[debug] [2019-09-03T04:48:01.189Z] >>> HTTP REQUEST GET https://serviceusage.googleapis.com/v1/projects/trkmmv/services/runtimeconfig.googleapis.com  
 
[debug] [2019-09-03T04:48:05.671Z] <<< HTTP RESPONSE 200
[debug] [2019-09-03T04:48:05.733Z] <<< HTTP RESPONSE 200
[info] +  functions: all necessary APIs are enabled
[debug] [2019-09-03T04:48:05.734Z] >>> HTTP REQUEST GET https://firebase.googleapis.com/v1beta1/projects/trkmmv/adminSdkConfig  
 
[debug] [2019-09-03T04:48:06.794Z] <<< HTTP RESPONSE 200
[info] i  functions: preparing functions directory for uploading...
[debug] [2019-09-03T04:48:06.797Z] >>> HTTP REQUEST GET https://runtimeconfig.googleapis.com/v1beta1/projects/trkmmv/configs  
 
[debug] [2019-09-03T04:48:07.896Z] <<< HTTP RESPONSE 200
[debug] [2019-09-03T05:04:47.744Z] ----------------------------------------------------------------------
[debug] [2019-09-03T05:04:47.747Z] Command:       C:\Program Files\nodejs\node.exe C:\Users\khushboo.vijayvargiy\AppData\Roaming\npm\node_modules\firebase-tools\lib\bin\firebase.js deploy --only functions
[debug] [2019-09-03T05:04:47.747Z] CLI Version:   7.2.4
[debug] [2019-09-03T05:04:47.747Z] Platform:      win32
[debug] [2019-09-03T05:04:47.747Z] Node Version:  v10.15.3
[debug] [2019-09-03T05:04:47.749Z] Time:          Tue Sep 03 2019 10:34:47 GMT+0530 (India Standard Time)
[debug] [2019-09-03T05:04:47.749Z] ----------------------------------------------------------------------
[debug] 
[debug] [2019-09-03T05:04:47.758Z] > command requires scopes: ["email","openid","https://www.googleapis.com/auth/cloudplatformprojects.readonly","https://www.googleapis.com/auth/firebase","https://www.googleapis.com/auth/cloud-platform"]
[debug] [2019-09-03T05:04:47.758Z] > authorizing via signed-in user
[debug] [2019-09-03T05:04:47.758Z] [iam] checking project trkmmv for permissions ["cloudfunctions.functions.create","cloudfunctions.functions.delete","cloudfunctions.functions.get","cloudfunctions.functions.list","cloudfunctions.functions.update","cloudfunctions.operations.get","firebase.projects.get"]
[debug] [2019-09-03T05:04:47.760Z] >>> HTTP REQUEST POST https://cloudresourcemanager.googleapis.com/v1/projects/trkmmv:testIamPermissions  

[debug] [2019-09-03T05:04:49.346Z] <<< HTTP RESPONSE 200
[info] 
[info] === Deploying to 'trkmmv'...
[info] 
[info] i  deploying functions
[info] Running command: npm --prefix "$RESOURCE_DIR" run lint
[info] +  functions: Finished running predeploy script.
[debug] [2019-09-03T05:04:54.669Z] > [functions] package.json contents: {
  "name": "functions",
  "description": "Cloud Functions for Firebase",
  "scripts": {
    "lint": "eslint .",
    "serve": "firebase serve --only functions",
    "shell": "firebase functions:shell",
    "start": "npm run shell",
    "deploy": "firebase deploy --only functions",
    "logs": "firebase functions:log"
  },
  "engines": {
    "node": "8"
  },
  "dependencies": {
    "@google-cloud/bigquery": "^4.1.8",
    "@google-cloud/logging": "^5.2.2",
    "firebase-admin": "^8.0.0",
    "firebase-functions": "^3.1.0"
  },
  "devDependencies": {
    "eslint": "^5.12.0",
    "eslint-plugin-promise": "^4.0.1",
    "firebase-functions-test": "^0.1.6"
  },
  "private": true
}
[info] i  functions: ensuring necessary APIs are enabled...
[debug] [2019-09-03T05:04:54.671Z] >>> HTTP REQUEST GET https://serviceusage.googleapis.com/v1/projects/trkmmv/services/cloudfunctions.googleapis.com  
 
[debug] [2019-09-03T05:04:54.671Z] >>> HTTP REQUEST GET https://serviceusage.googleapis.com/v1/projects/trkmmv/services/runtimeconfig.googleapis.com  
 
[debug] [2019-09-03T05:04:56.588Z] <<< HTTP RESPONSE 200
[debug] [2019-09-03T05:04:56.667Z] <<< HTTP RESPONSE 200
[info] +  functions: all necessary APIs are enabled
[debug] [2019-09-03T05:04:56.668Z] >>> HTTP REQUEST GET https://firebase.googleapis.com/v1beta1/projects/trkmmv/adminSdkConfig  
 
[debug] [2019-09-03T05:04:57.173Z] <<< HTTP RESPONSE 200
[info] i  functions: preparing functions directory for uploading...
[debug] [2019-09-03T05:04:57.175Z] >>> HTTP REQUEST GET https://runtimeconfig.googleapis.com/v1beta1/projects/trkmmv/configs  
 
[debug] [2019-09-03T05:04:57.629Z] <<< HTTP RESPONSE 200
[debug] [2019-09-03T05:07:28.086Z] ----------------------------------------------------------------------
[debug] [2019-09-03T05:07:28.090Z] Command:       C:\Program Files\nodejs\node.exe C:\Users\khushboo.vijayvargiy\AppData\Roaming\npm\node_modules\firebase-tools\lib\bin\firebase.js deploy --only functions
[debug] [2019-09-03T05:07:28.091Z] CLI Version:   7.2.4
[debug] [2019-09-03T05:07:28.091Z] Platform:      win32
[debug] [2019-09-03T05:07:28.091Z] Node Version:  v10.15.3
[debug] [2019-09-03T05:07:28.093Z] Time:          Tue Sep 03 2019 10:37:28 GMT+0530 (India Standard Time)
[debug] [2019-09-03T05:07:28.093Z] ----------------------------------------------------------------------
[debug] 
[debug] [2019-09-03T05:07:28.108Z] > command requires scopes: ["email","openid","https://www.googleapis.com/auth/cloudplatformprojects.readonly","https://www.googleapis.com/auth/firebase","https://www.googleapis.com/auth/cloud-platform"]
[debug] [2019-09-03T05:07:28.109Z] > authorizing via signed-in user
[debug] [2019-09-03T05:07:28.109Z] [iam] checking project trkmmv for permissions ["cloudfunctions.functions.create","cloudfunctions.functions.delete","cloudfunctions.functions.get","cloudfunctions.functions.list","cloudfunctions.functions.update","cloudfunctions.operations.get","firebase.projects.get"]
[debug] [2019-09-03T05:07:28.112Z] >>> HTTP REQUEST POST https://cloudresourcemanager.googleapis.com/v1/projects/trkmmv:testIamPermissions  

[debug] [2019-09-03T05:07:29.781Z] <<< HTTP RESPONSE 200
[info] 
[info] === Deploying to 'trkmmv'...
[info] 
[info] i  deploying functions
[info] Running command: npm --prefix "$RESOURCE_DIR" run lint
[info] +  functions: Finished running predeploy script.
[debug] [2019-09-03T05:07:35.776Z] > [functions] package.json contents: {
  "name": "functions",
  "description": "Cloud Functions for Firebase",
  "scripts": {
    "lint": "eslint .",
    "serve": "firebase serve --only functions",
    "shell": "firebase functions:shell",
    "start": "npm run shell",
    "deploy": "firebase deploy --only functions",
    "logs": "firebase functions:log"
  },
  "engines": {
    "node": "8"
  },
  "dependencies": {
    "@google-cloud/bigquery": "^4.1.8",
    "@google-cloud/logging": "^5.2.2",
    "firebase-admin": "^8.0.0",
    "firebase-functions": "^3.1.0"
  },
  "devDependencies": {
    "eslint": "^5.12.0",
    "eslint-plugin-promise": "^4.0.1",
    "firebase-functions-test": "^0.1.6"
  },
  "private": true
}
[info] i  functions: ensuring necessary APIs are enabled...
[debug] [2019-09-03T05:07:35.779Z] >>> HTTP REQUEST GET https://serviceusage.googleapis.com/v1/projects/trkmmv/services/cloudfunctions.googleapis.com  
 
[debug] [2019-09-03T05:07:35.781Z] >>> HTTP REQUEST GET https://serviceusage.googleapis.com/v1/projects/trkmmv/services/runtimeconfig.googleapis.com  
 
[debug] [2019-09-03T05:07:37.615Z] <<< HTTP RESPONSE 200
[debug] [2019-09-03T05:07:37.678Z] <<< HTTP RESPONSE 200
[info] +  functions: all necessary APIs are enabled
[debug] [2019-09-03T05:07:37.679Z] >>> HTTP REQUEST GET https://firebase.googleapis.com/v1beta1/projects/trkmmv/adminSdkConfig  
 
[debug] [2019-09-03T05:07:38.238Z] <<< HTTP RESPONSE 200
[info] i  functions: preparing functions directory for uploading...
[debug] [2019-09-03T05:07:38.240Z] >>> HTTP REQUEST GET https://runtimeconfig.googleapis.com/v1beta1/projects/trkmmv/configs  
 
[debug] [2019-09-03T05:07:38.698Z] <<< HTTP RESPONSE 200
